160
53 32 32 32 32 69 45 45 5 5 5 146 68 9 60 113 113 22 140 140 45 143 148 148 124 155 46 17 12 12 110 9 9 19 19 6 64 25 6 36 86 57 51 67 67 67 25 25 154 76 76 76 24 150 150 48 114 114 91 105 77 29 29 143 32 32 32 126 126 140 140 85 29 72 45 5 112 112 112 35 156 29 121 121 111 5 42 42 98 118 66 76 101 101 142 138 42 78 59 59 63 63 136 156 78 119 106 70 50 50 130 112 25 103 107 13 13 71 71 63 93 119 60 60 99 9 124 40 46 46 106 42 42 42 42 118 132 39 109 80 5 5 14 55 66 59 43 43 99 99 127 127 108 117 48 48 41 41 108 19 100 73 88 135 17 2 2 75 144 61 61 117 117 142 152 91 87 87 39 116 116 116 149 149 9 13 45 2 88 40 33 1 1 131 88 88 26 135 20 103 99 99 42 42 42 57 57 148 34 37 102 26 13 139 85 85 85 12 3 96 131 54 143 19 131 154 43 64 29 104 105 105 139 138 138 23 100 127 56 113 3 62 75 75 75 117 158 157 34 34 153 62 62 148 154 4 83 132 25 25 6 6 6 6 103 103 26 122 122 137 107 107 90 116 15 15 26 156 56 56 98 82 144 144 26 21 59 59 59 47 47 16 46 89 56 27 86 86 159 65 65 134 134 134 134 63 63 36 36 152 133 157 38 12 12 57 77 142 142 142 142 100 28 108 34 13 144 144 37 73 139 16 35 35 35 152 157 157 102 102 115 100 98 98 15 15 44 44 140 127 116 76 76 141 67 67 83 91 92 54 113 35 35 35 150 120 117 157 130 78 78 78 1 61 98 65 19 144 137 92 83 83 27 27 87 22 22 112 112 95 95 12 149 30 30 12 143 143 143 10 28 11 11 65 132 132 132 54 104 24 14 11 11 11 118 18 159 159 59 55 13 49 40 40 40 137 137 7 9 9 125 27 148 146 49 118 31 28 42 74 62 91 91 79 110 65 7 78 94 133 140 84 108 108 10 111 120 84 113 68 95 45 91 29 119 21 47 19 19 19 23 103 103 58 58 58 75 151 151 68 68 17 130 88 88 102 83 108 108 149 67 67 157 53 14 14 14 44 8 107 160 31 68 68 147 98 142 142 142 144 32 62 62 154 152 152 5 150 68 72 137 25 54 60 41 39 102 102 22 22 151 158 102 111 33 116 8 151 151 113 113 25 25 25 128 128 56 91 134 134 106 106 36 111 22 75 17 122 122 143 129 129 23 23 72 99 60 60 60 122 8 85 85 82 98 98 98 98 37 124 125 125 125 125 105 105 105 11 59 83 84 69 56 81 4 4 4 102 102 99 105 139 113 13 139 139 73 73 116 116 116 116 65 154 18 98 90 135 59 59 59 152 107 98 98 36 119 119 119 72 60 47 30 13 116 93 93 127 3 105 151 68 87 1 57 152 73 73 107 154 75 126 19 130 59 19 77 26 48 29 116 116 9 72 134 129 129 25 89 113 113 115 115 29 44 44 36 4 4 40 118 118 54 17 118 118 114 114 114 26 26 88 127 50 67 81 50 50 50 135 123 120 97 80 72 119 34 41 101 137 156 74 138 143 98 98 98 126 126 37 9 9 9 61 10 76 36 41 41 145 123 94 140 112 112 134 72 91 93 115 140 62 62 62 41 152 152 70 77 143 143 153 153 25 98 98 21 21 132 145 145 145 145 49 37 95 95 72 133 49 21 92 108 108 57 45 50 84 84 27 52 35 35 13 128 76 100 38 38 98 134 105 3 72 72 54 149 149 37 27 97 41 85 58 58 95 135 24 56 137 11 35 146 136 28 65 17 17 17 18 18 18 18 77 77 142 117 117 75 87 153 153 27 110 110 75 75 27 25 120 133 133 71 82 52 2 2 5 5 35 85 128 38 53 153 153 97 124 92 54 54 63 63 60 98 81 115 49 55 55 72 89 156 19 158 107 28 28 51 65 132 132 141 116 74 68 51 51 11 43 56 142 63 146 36 61 98 28 28 28 28 28 28 73 155 98 87 150 145 145 45 98 98 118 41 137 146 1 1 159 159 97 11 148 4 37 84 84 90 71 71 71 71 68 107 47 78 138 138 59 59 46 54 31 122 138 49 116 62 40 47 135 144 139 139 139 88 27 83 83 139 62 62 62 82 1 93 42 98 98 98 46 131 7 27 18 70 70 70 45 155 158 93 118 46 46 93 93 93 152 31 143 69 118 158 160 160 160 86 9 1 
9 12
139
1 18
708
9 35
1578
20 69
3014
21 82
3830
25 111
5634
26 112
5625
29 184
10171
17 186
11299
26 189
10477
19 202
12060
1 202
12804
7 202
12611
9 206
12698
1 214
13435
1 214
13435
1 218
13668
9 222
13652
17 232
14092
17 237
14582
28 246
14086
1 252
16377
1 252
16377
9 264
16693
3 273
17728
28 306
18234
15 322
20818
5 338
22343
26 338
20879
19 382
25128
25 402
25534
9 402
26739
1 442
29354
13 466
30743
4 471
31157
23 473
30241
3 489
32658
8 515
34601
11 542
36646
17 542
36275
29 554
36123
26 562
37006
1 562
38627
5 572
39048
1 627
43771
12 642
44609
1 646
45181
1 680
47493
13 692
48016
21 698
47763
25 702
47701
1 750
53229
7 754
53484
13 778
55153
26 802
55471
28 826
56610
1 845
60068
23 862
59885
13 881
62076
17 890
62467
1 901
63823
17 922
65110
9 933
66202
1 959
68666
23 960
67480
1 972
69655
20 977
68927
11 995
71242
35 54
947
37 60
1502
61 65
251
55 66
832
49 74
1995
57 76
1358
41 82
2881
51 122
5238
39 125
6018
48 182
9335
54 182
8966
41 204
10909
46 208
10902
41 217
11694
33 237
13349
56 252
13399
47 279
15792
39 282
16359
56 364
21299
49 377
22999
36 377
23478
61 407
23977
37 419
26156
36 424
26308
53 426
25637
61 426
24915
48 455
27975
31 458
28855
39 462
28934
31 506
32048
37 520
33307
59 525
32201
49 542
34488
56 546
34109
41 546
35147
54 561
35687
54 562
35807
61 627
40222
31 672
45386
51 682
45019
41 691
46270
57 692
45272
37 710
47858
48 718
48284
41 727
48978
61 746
49210
61 752
49914
44 761
52038
51 802
54390
33 804
55290
54 812
54869
53 826
55567
36 842
57890
36 861
59075
59 872
58388
58 874
58659
39 878
60190
41 882
60514
44 890
60848
33 902
61872
41 920
63415
47 926
63488
57 940
63844
57 942
63941
51 962
66180
57 962
65700
53 966
66244
57 966
65905
41 976
67672
76 96
1639
89 104
1328
65 157
6154
81 193
7393
67 210
9527
81 216
8878
77 288
14312
85 314
15405
73 338
18153
76 346
18615
83 386
21047
65 427
24802
66 432
24918
65 477
27917
91 522
29764
81 542
32056
66 559
34447
73 580
35415
81 582
35180
69 602
37560
77 616
38252
62 630
40446
79 722
46089
75 736
47381
86 740
46840
64 746
49097
65 752
49659
91 762
48663
89 792
50890
64 800
53269
73 802
52601
89 802
51537
65 907
60382
81 922
60748
81 926
60934
65 938
62989
71 945
63028
72 950
63284
69 977
65785
81 992
66149
93 98
540
98 104
539
105 122
1199
96 122
1899
115 146
1654
93 202
7222
111 202
5790
107 210
6403
111 217
6636
101 268
11001
101 275
11629
105 322
14613
95 444
23615
101 506
27440
123 514
26656
105 530
28960
109 536
29246
119 538
28805
112 538
29192
121 542
29064
113 546
29734
107 552
30781
121 556
30131
101 590
34271
101 594
34523
121 618
35107
106 636
37435
99 642
38521
118 647
37493
119 687
40251
106 710
42843
94 713
44228
105 730
44330
119 738
44205
104 786
49138
121 798
48881
101 802
50510
122 806
49237
112 826
50881
105 834
52227
121 842
51810
121 850
52030
115 852
52526
101 898
57102
111 942
59684
111 952
60430
93 972
63664
139 162
1386
141 164
1421
131 164
2068
126 174
2932
126 202
4807
153 204
3379
135 206
4543
154 226
4708
145 242
6583
153 282
8758
149 287
9521
138 300
10633
139 304
11035
126 364
16203
137 394
17856
130 397
18389
151 418
18586
137 426
19661
136 454
21723
137 466
22403
141 486
23347
126 542
28679
144 560
29217
153 564
28844
137 572
30313
133 592
32229
152 627
34029
138 629
34983
137 672
38291
148 694
39135
139 695
39559
133 714
41571
139 821
48929
133 842
51047
146 845
50570
140 872
52481
137 902
54740
125 903
55442
145 916
55747
137 940
57948
141 966
59676
131 989
62076
126 989
62312
160 164
361
171 179
802
158 196
2589
175 202
1862
161 210
3242
171 231
4036
178 234
3692
185 237
3217
171 252
5774
161 255
6730
158 263
7086
177 305
8670
169 310
9776
176 316
9394
181 322
9713
169 341
12262
177 372
13820
179 404
15534
183 414
15712
157 434
18956
161 491
22729
164 492
22549
161 506
23642
185 506
21581
177 507
22511
168 510
23823
178 537
24811
158 588
30463
181 621
31287
181 622
31433
182 652
33706
156 669
36734
177 682
36048
161 688
37819
157 690
38121
179 695
36821
157 718
40500
176 723
39281
179 727
39185
181 738
40060
185 752
40924
175 760
42636
163 762
43806
184 786
43503
176 812
46031
161 826
47919
181 826
46316
177 827
46730
169 850
49114
181 882
50455
182 883
50470
181 894
51339
169 910
53650
175 914
53408
161 964
58442
157 984
60085
179 984
58414
185 994
58571
189 202
824
206 246
2881
190 248
4016
201 264
4250
203 290
5893
189 298
7091
189 316
8494
209 325
8165
186 352
11425
201 379
12814
201 402
14151
197 440
16564
201 450
17044
201 482
19113
205 482
18869
200 498
20355
212 514
21049
210 552
24224
209 555
24390
199 572
26204
187 610
29873
214 621
29387
198 626
30769
195 640
31958
209 649
31751
216 704
35237
190 727
38395
215 742
38380
203 748
39527
201 756
40572
197 767
41765
211 798
43024
216 802
42857
201 822
44782
206 852
46637
206 857
47094
215 862
46895
209 880
48436
186 884
50177
209 902
49877
191 917
52482
195 962
55846
202 966
55539
214 970
55274
209 993
57193
241 250
691
241 258
1415
221 272
3897
235 312
5450
217 327
7861
225 338
8266
234 370
10009
236 392
11095
233 397
11792
239 402
11470
221 427
14517
236 452
14780
221 462
16896
236 464
15648
229 483
17452
218 485
18362
244 510
18459
241 522
19553
247 524
19283
247 563
22367
220 574
25205
243 580
23848
219 582
25957
225 592
26353
219 602
27397
222 602
27188
241 602
25567
228 603
26806
225 605
27238
242 655
29888
226 687
33310
217 704
35159
238 714
34441
219 718
36432
241 722
34734
233 722
35510
242 732
35284
245 742
36097
241 754
37451
223 755
39150
239 771
39002
217 794
42210
234 801
41451
217 802
42779
245 804
40769
221 810
43197
240 818
41931
239 826
42302
223 882
47874
233 890
47547
246 897
47068
223 927
51247
227 950
52495
233 960
53066
229 990
55640
241 990
54534
235 992
55214
251 261
747
273 288
984
251 299
3084
251 302
3317
255 312
3877
251 354
7412
249 362
7977
260 365
7391
273 390
8430
266 402
9769
261 428
11345
250 437
12693
266 439
11864
251 442
12916
267 460
13406
249 464
14620
273 483
14167
257 506
16794
257 554
20787
249 557
21451
269 567
21136
271 582
22082
273 606
23683
264 627
26269
259 628
26419
264 642
27373
257 650
28264
271 657
27902
251 682
30895
271 708
31389
265 712
32394
269 728
33091
260 742
34809
275 754
34966
268 768
36940
261 792
38692
265 807
39716
264 808
39728
268 811
39707
268 813
39875
257 828
41087
249 832
42124
249 840
42638
256 902
46174
256 912
47167
265 924
47991
257 946
49767
264 954
50206
272 955
49661
248 981
53151
269 982
51959
295 304
844
292 325
2549
303 398
7125
297 402
7816
293 412
8567
281 414
9251
302 416
8099
296 418
8831
283 445
11044
291 453
11205
280 462
12559
297 466
11877
301 476
11912
285 490
13952
297 513
15171
281 588
21965
281 602
22859
281 618
24308
300 646
25232
305 657
25551
281 666
27854
297 682
27989
286 698
29483
305 699
28289
301 699
28734
301 712
29903
291 718
31166
301 722
30737
281 769
36037
301 779
35394
280 792
37496
289 807
37888
281 810
38670
307 812
36808
302 822
37770
301 840
39281
297 845
40071
281 846
40977
285 883
43168
281 896
44451
281 942
47950
303 972
48869
309 975
48483
297 985
50337
311 314
296
333 358
2017
337 376
3126
338 402
4567
333 406
5240
325 419
6492
317 424
7435
321 427
7254
329 432
6756
317 442
8536
318 462
10026
317 463
10176
313 508
13279
338 526
12876
336 596
18473
316 607
20888
337 619
20335
321 622
21672
334 627
21206
329 642
22559
338 670
23975
332 673
24677
340 674
24067
337 682
24821
328 694
26268
321 708
27762
332 727
28312
319 734
30086
313 747
31571
333 762
31612
327 766
32407
310 776
34461
311 802
35930
323 816
35827
324 833
36812
311 856
39416
330 868
38764
311 893
42058
321 912
42642
336 922
42588
311 954
46759
317 956
46669
323 956
45953
313 962
47201
337 1000
48563
337 1000
48563
345 377
2276
351 389
2780
365 412
3182
363 440
4799
363 442
4931
361 476
7224
345 482
8775
361 482
7692
351 486
8827
357 500
9202
343 506
10704
371 554
12498
351 557
14230
364 567
14125
347 568
15418
363 574
14588
349 586
16906
369 594
15673
366 623
18378
361 642
20122
341 668
23442
345 682
23933
353 682
23428
366 688
22989
361 694
23682
353 702
24886
361 706
24616
345 732
27585
341 740
28796
343 753
29912
367 754
28179
361 762
29369
367 762
28935
353 783
31273
343 789
32321
341 792
32852
345 794
32515
359 845
34965
352 874
37373
361 878
36979
361 884
37575
353 957
43702
356 975
44632
361 976
44286
361 994
45827
401 416
709
399 418
1141
399 426
1482
393 428
2053
383 502
7381
383 512
8331
379 514
8886
401 514
7444
376 527
10016
393 527
8951
401 538
9245
393 556
11229
393 562
11834
379 575
13456
381 587
14414
393 614
15770
401 624
15979
379 658
19856
381 666
20235
401 682
20003
373 686
22085
393 689
21176
397 694
21264
401 718
22943
385 722
24162
373 752
27434
393 772
27818
401 802
29098
390 809
30322
393 823
30699
374 840
33380
401 858
32754
387 872
34646
379 882
35936
385 898
36602
385 902
36692
393 904
36290
381 920
38542
381 934
39518
393 962
41144
375 986
43983
381 987
43537
389 988
43220
425 432
413
421 432
509
409 437
1559
411 468
3493
420 474
3287
409 494
5501
413 522
7533
417 533
8156
404 538
9222
433 550
8637
421 603
13056
431 607
12995
429 636
15295
418 650
17073
418 672
18654
411 687
19783
422 710
20939
426 762
25268
413 766
26205
403 774
27409
425 777
26324
426 779
26448
421 788
26987
429 794
27019
426 795
27348
425 802
27868
415 858
32133
403 878
34069
419 890
33878
411 906
35317
427 931
36611
425 982
40605
413 982
41249
433 987
40524
409 990
42055
436 442
366
441 456
1211
456 466
776
449 470
1440
457 506
3264
444 537
6719
439 546
7807
437 589
11180
441 625
13894
455 682
16689
441 689
18397
460 691
16908
446 692
18118
441 694
18662
457 748
21687
437 752
23531
439 780
25601
436 794
26563
454 808
26248
454 824
26903
455 854
28878
441 855
30168
461 886
30958
457 887
31358
459 955
36237
451 956
37081
455 957
36746
441 978
39196
451 987
39215
456 990
39125
441 990
40278
439 996
41006
449 996
40385
481 484
259
477 545
5298
485 570
6545
471 602
9922
466 610
10692
491 641
11485
490 644
11761
475 656
13913
477 662
14176
481 721
18146
485 770
21894
491 782
21945
481 850
26968
465 877
30004
495 890
28723
474 896
30913
485 904
30363
486 910
31034
481 934
33159
465 976
37232
495 984
35812
473 987
37809
472 988
37992
465 992
38591
497 532
2760
513 564
3998
503 578
5944
510 582
5569
501 586
6908
508 602
7233
513 614
7887
497 672
13447
507 684
13308
499 689
14464
506 698
14408
501 717
16587
502 742
18228
521 749
17053
513 752
18224
517 762
18639
501 810
23381
521 814
21777
497 817
23881
516 838
23599
518 842
23831
509 850
24868
497 890
28718
523 897
27084
499 917
30838
522 918
28697
523 919
28681
521 952
31251
516 952
31670
501 954
33434
522 957
31733
496 962
34277
501 974
34926
520 987
33974
545 551
707
553 558
314
553 562
799
531 582
4126
531 594
5014
540 632
7121
545 642
7582
551 672
9161
557 672
8768
537 675
10471
527 680
11398
537 682
10782
541 692
11079
536 716
13599
551 746
14492
548 753
15656
531 768
18303
549 808
19269
553 813
19156
548 908
25910
541 922
27681
537 923
28077
531 929
29106
532 930
29023
537 954
30371
543 982
31880
543 992
32722
545 994
32864
561 578
1249
567 627
4725
571 642
5540
585 647
4672
579 694
8443
566 710
10582
586 734
10713
561 736
12930
585 737
11104
581 738
11651
588 752
12229
585 782
14654
562 807
18118
573 856
20489
581 902
22787
561 932
26727
565 947
27535
578 952
26933
561 954
28427
579 962
27798
573 974
29143
581 993
29865
589 658
5129
590 690
7244
616 727
7873
617 743
9205
606 807
14914
601 814
15849
611 814
14903
606 816
15454
593 822
16357
601 822
15958
597 831
17015
601 856
18385
605 865
18676
611 877
18936
616 878
18525
619 902
19681
601 936
24085
614 942
23321
619 946
23165
598 984
28007
616 993
27034
601 994
28546
634 642
683
629 642
953
650 658
583
641 712
5059
634 718
6192
645 731
6028
620 742
8897
631 751
8772
629 772
10670
648 819
12138
645 857
14923
639 864
15735
620 887
18914
641 903
18097
621 906
19912
643 934
20446
624 962
24117
645 976
23396
623 993
26422
656 672
1177
657 678
1383
655 681
1573
672 684
608
677 686
537
665 698
2270
672 700
1775
671 707
2448
666 710
3129
657 722
4660
653 740
6171
651 757
7843
666 794
9442
666 798
9829
681 811
9670
652 821
11782
651 828
12345
679 834
11128
663 834
12181
661 876
15248
671 889
15216
659 897
16689
681 898
15352
673 902
15677
653 902
17055
661 906
17062
673 915
16877
669 946
19533
673 972
21120
673 982
21782
700 712
1151
711 720
995
697 742
3562
697 752
4521
697 758
4877
697 760
5135
684 762
6335
705 787
6312
695 787
7063
697 788
6963
703 791
6739
693 834
10192
701 842
10283
694 842
10697
709 862
10856
686 927
17149
703 942
16915
711 946
16612
697 987
20687
685 987
21615
696 997
21851
736 827
6291
716 868
10481
742 922
12512
720 924
14153
737 931
13498
725 933
14580
741 936
13481
721 978
17823
746 788
3245
753 794
2822
751 822
4591
769 832
3909
763 838
4709
756 841
5596
768 853
5131
758 882
8206
761 887
8332
768 904
8477
744 915
11752
745 932
12940
777 800
1403
801 802
116
779 834
3388
799 838
2381
776 840
3904
801 882
5276
793 896
6678
777 912
8734
792 932
9359
789 948
10761
785 954
11567
801 959
10862
788 984
13442
801 986
12652
794 1000
14544
817 835
1164
819 842
1668
827 858
2321
825 921
6951
822 924
7256
807 950
9637
829 956
9123
835 962
8994
834 978
9967
809 1000
13541
841 867
1774
865 902
2384
841 922
5709
867 952
6001
860 956
6929
849 970
8684
849 986
9730
837 998
11680
878 881
230
893 928
2551
883 940
4082
897 947
3595
873 952
5631
877 954
5496
884 958
5335
895 983
6300
873 988
8270
897 994
7128
889 994
7599
901 902
31
921 925
374
914 938
1807
901 952
3793
915 954
2905
916 970
4028
913 994
6014
956 972
1137
948 974
2003
953 976
1675
941 1000
4610
